<?xml version="1.0" encoding="UTF-8"?>
<!-- Generated by org.testng.reporters.JUnitReportReporter -->
<testsuite skipped="0" hostname="DESKTOP-1NGQHJ2" name="dataDrivenTest.AddNewEmployee" tests="3" failures="0" timestamp="2022-12-24T20:11:38 IST" time="7.317" errors="0">
  <testcase name="CreateNewEmp" time="1.332" classname="dataDrivenTest.AddNewEmployee"/>
  <system-out/>
  <testcase name="CreateNewEmp" time="1.427" classname="dataDrivenTest.AddNewEmployee"/>
  <system-out/>
  <testcase name="CreateNewEmp" time="4.558" classname="dataDrivenTest.AddNewEmployee"/>
  <system-out/>
</testsuite> <!-- dataDrivenTest.AddNewEmployee -->
