<?xml version="1.0" encoding="UTF-8"?>
<!-- Generated by org.testng.reporters.JUnitReportReporter -->
<testsuite skipped="0" hostname="DESKTOP-1NGQHJ2" name="restAPI.TC002_POSTRequest" tests="1" failures="0" timestamp="2022-12-20T15:48:36 IST" time="12.394" errors="0">
  <testcase name="registrationSucess" time="12.394" classname="restAPI.TC002_POSTRequest"/>
  <system-out/>
</testsuite> <!-- restAPI.TC002_POSTRequest -->
