<?xml version="1.0" encoding="UTF-8"?>
<!-- Generated by org.testng.reporters.JUnitReportReporter -->
<testsuite skipped="0" hostname="DESKTOP-1NGQHJ2" name="restAPI.TC001_GET_Response" tests="1" failures="0" timestamp="2022-12-24T20:12:45 IST" time="4.424" errors="0">
  <testcase name="getWeatherDetails" time="4.424" classname="restAPI.TC001_GET_Response"/>
  <system-out/>
</testsuite> <!-- restAPI.TC001_GET_Response -->
